[2018-07-13 06:59:28] local.ERROR: SQLSTATE[HY000] [1045] Access denied for user 'root'@'localhost' (using password: NO) {"exception":"[object] (Doctrine\\DBAL\\Driver\\PDOException(code: 1045): SQLSTATE[HY000] [1045] Access denied for user 'root'@'localhost' (using password: NO) at /home/alfaridzi/html/kinerjaku/vendor/doctrine/dbal/lib/Doctrine/DBAL/Driver/PDOConnection.php:50, PDOException(code: 1045): SQLSTATE[HY000] [1045] Access denied for user 'root'@'localhost' (using password: NO) at /home/alfaridzi/html/kinerjaku/vendor/doctrine/dbal/lib/Doctrine/DBAL/Driver/PDOConnection.php:46)
[stacktrace]
#0 /home/alfaridzi/html/kinerjaku/vendor/laravel/framework/src/Illuminate/Database/Connectors/Connector.php(65): Doctrine\\DBAL\\Driver\\PDOConnection->__construct('mysql:host=127....', 'root', '', Array)
#1 /home/alfaridzi/html/kinerjaku/vendor/laravel/framework/src/Illuminate/Database/Connectors/Connector.php(44): Illuminate\\Database\\Connectors\\Connector->createPdoConnection('mysql:host=127....', 'root', '', Array)
#2 /home/alfaridzi/html/kinerjaku/vendor/laravel/framework/src/Illuminate/Database/Connectors/MySqlConnector.php(24): Illuminate\\Database\\Connectors\\Connector->createConnection('mysql:host=127....', Array, Array)
#3 /home/alfaridzi/html/kinerjaku/vendor/laravel/framework/src/Illuminate/Database/Connectors/ConnectionFactory.php(183): Illuminate\\Database\\Connectors\\MySqlConnector->connect(Array)
#4 [internal function]: Illuminate\\Database\\Connectors\\ConnectionFactory->Illuminate\\Database\\Connectors\\{closure}()
#5 /home/alfaridzi/html/kinerjaku/vendor/laravel/framework/src/Illuminate/Database/Connection.php(915): call_user_func(Object(Closure))
#6 /home/alfaridzi/html/kinerjaku/vendor/laravel/framework/src/Illuminate/Database/Connection.php(940): Illuminate\\Database\\Connection->getPdo()
#7 /home/alfaridzi/html/kinerjaku/vendor/laravel/framework/src/Illuminate/Database/Connection.php(399): Illuminate\\Database\\Connection->getReadPdo()
#8 /home/alfaridzi/html/kinerjaku/vendor/laravel/framework/src/Illuminate/Database/Connection.php(325): Illuminate\\Database\\Connection->getPdoForSelect(true)
#9 /home/alfaridzi/html/kinerjaku/vendor/laravel/framework/src/Illuminate/Database/Connection.php(657): Illuminate\\Database\\Connection->Illuminate\\Database\\{closure}('select column_n...', Array)
#10 /home/alfaridzi/html/kinerjaku/vendor/laravel/framework/src/Illuminate/Database/Connection.php(624): Illuminate\\Database\\Connection->runQueryCallback('select column_n...', Array, Object(Closure))
#11 /home/alfaridzi/html/kinerjaku/vendor/laravel/framework/src/Illuminate/Database/Connection.php(333): Illuminate\\Database\\Connection->run('select column_n...', Array, Object(Closure))
#12 /home/alfaridzi/html/kinerjaku/vendor/laravel/framework/src/Illuminate/Database/Schema/MySqlBuilder.php(33): Illuminate\\Database\\Connection->select('select column_n...', Array)
#13 /home/alfaridzi/html/kinerjaku/vendor/laravel/framework/src/Illuminate/Support/Facades/Facade.php(221): Illuminate\\Database\\Schema\\MySqlBuilder->getColumnListing('settings')
#14 /home/alfaridzi/html/kinerjaku/vendor/backpack/settings/src/SettingsServiceProvider.php(39): Illuminate\\Support\\Facades\\Facade::__callStatic('getColumnListin...', Array)
#15 [internal function]: Backpack\\Settings\\SettingsServiceProvider->boot()
#16 /home/alfaridzi/html/kinerjaku/vendor/laravel/framework/src/Illuminate/Container/BoundMethod.php(29): call_user_func_array(Array, Array)
#17 /home/alfaridzi/html/kinerjaku/vendor/laravel/framework/src/Illuminate/Container/BoundMethod.php(87): Illuminate\\Container\\BoundMethod::Illuminate\\Container\\{closure}()
#18 /home/alfaridzi/html/kinerjaku/vendor/laravel/framework/src/Illuminate/Container/BoundMethod.php(31): Illuminate\\Container\\BoundMethod::callBoundMethod(Object(Illuminate\\Foundation\\Application), Array, Object(Closure))
#19 /home/alfaridzi/html/kinerjaku/vendor/laravel/framework/src/Illuminate/Container/Container.php(564): Illuminate\\Container\\BoundMethod::call(Object(Illuminate\\Foundation\\Application), Array, Array, NULL)
#20 /home/alfaridzi/html/kinerjaku/vendor/laravel/framework/src/Illuminate/Foundation/Application.php(794): Illuminate\\Container\\Container->call(Array)
#21 /home/alfaridzi/html/kinerjaku/vendor/laravel/framework/src/Illuminate/Foundation/Application.php(777): Illuminate\\Foundation\\Application->bootProvider(Object(Backpack\\Settings\\SettingsServiceProvider))
#22 [internal function]: Illuminate\\Foundation\\Application->Illuminate\\Foundation\\{closure}(Object(Backpack\\Settings\\SettingsServiceProvider), 29)
#23 /home/alfaridzi/html/kinerjaku/vendor/laravel/framework/src/Illuminate/Foundation/Application.php(778): array_walk(Array, Object(Closure))
#24 /home/alfaridzi/html/kinerjaku/vendor/laravel/framework/src/Illuminate/Foundation/Bootstrap/BootProviders.php(17): Illuminate\\Foundation\\Application->boot()
#25 /home/alfaridzi/html/kinerjaku/vendor/laravel/framework/src/Illuminate/Foundation/Application.php(206): Illuminate\\Foundation\\Bootstrap\\BootProviders->bootstrap(Object(Illuminate\\Foundation\\Application))
#26 /home/alfaridzi/html/kinerjaku/vendor/laravel/framework/src/Illuminate/Foundation/Http/Kernel.php(162): Illuminate\\Foundation\\Application->bootstrapWith(Array)
#27 /home/alfaridzi/html/kinerjaku/vendor/laravel/framework/src/Illuminate/Foundation/Http/Kernel.php(146): Illuminate\\Foundation\\Http\\Kernel->bootstrap()
#28 /home/alfaridzi/html/kinerjaku/vendor/laravel/framework/src/Illuminate/Foundation/Http/Kernel.php(116): Illuminate\\Foundation\\Http\\Kernel->sendRequestThroughRouter(Object(Illuminate\\Http\\Request))
#29 /home/alfaridzi/html/kinerjaku/public/index.php(52): Illuminate\\Foundation\\Http\\Kernel->handle(Object(Illuminate\\Http\\Request))
#30 /home/alfaridzi/html/kinerjaku/server.php(19): require_once('/home/alfaridzi...')
#31 {main}
"} 
[2018-07-13 06:59:28] local.ERROR: SQLSTATE[HY000] [1045] Access denied for user 'root'@'localhost' (using password: NO) (SQL: select column_name as `column_name` from information_schema.columns where table_schema = kinerjaku and table_name = settings) {"exception":"[object] (Illuminate\\Database\\QueryException(code: 1045): SQLSTATE[HY000] [1045] Access denied for user 'root'@'localhost' (using password: NO) (SQL: select column_name as `column_name` from information_schema.columns where table_schema = kinerjaku and table_name = settings) at /home/alfaridzi/html/kinerjaku/vendor/laravel/framework/src/Illuminate/Database/Connection.php:664, Doctrine\\DBAL\\Driver\\PDOException(code: 1045): SQLSTATE[HY000] [1045] Access denied for user 'root'@'localhost' (using password: NO) at /home/alfaridzi/html/kinerjaku/vendor/doctrine/dbal/lib/Doctrine/DBAL/Driver/PDOConnection.php:50, PDOException(code: 1045): SQLSTATE[HY000] [1045] Access denied for user 'root'@'localhost' (using password: NO) at /home/alfaridzi/html/kinerjaku/vendor/doctrine/dbal/lib/Doctrine/DBAL/Driver/PDOConnection.php:46)
[stacktrace]
#0 /home/alfaridzi/html/kinerjaku/vendor/laravel/framework/src/Illuminate/Database/Connection.php(624): Illuminate\\Database\\Connection->runQueryCallback('select column_n...', Array, Object(Closure))
#1 /home/alfaridzi/html/kinerjaku/vendor/laravel/framework/src/Illuminate/Database/Connection.php(333): Illuminate\\Database\\Connection->run('select column_n...', Array, Object(Closure))
#2 /home/alfaridzi/html/kinerjaku/vendor/laravel/framework/src/Illuminate/Database/Schema/MySqlBuilder.php(33): Illuminate\\Database\\Connection->select('select column_n...', Array)
#3 /home/alfaridzi/html/kinerjaku/vendor/laravel/framework/src/Illuminate/Support/Facades/Facade.php(221): Illuminate\\Database\\Schema\\MySqlBuilder->getColumnListing('settings')
#4 /home/alfaridzi/html/kinerjaku/vendor/backpack/settings/src/SettingsServiceProvider.php(39): Illuminate\\Support\\Facades\\Facade::__callStatic('getColumnListin...', Array)
#5 [internal function]: Backpack\\Settings\\SettingsServiceProvider->boot()
#6 /home/alfaridzi/html/kinerjaku/vendor/laravel/framework/src/Illuminate/Container/BoundMethod.php(29): call_user_func_array(Array, Array)
#7 /home/alfaridzi/html/kinerjaku/vendor/laravel/framework/src/Illuminate/Container/BoundMethod.php(87): Illuminate\\Container\\BoundMethod::Illuminate\\Container\\{closure}()
#8 /home/alfaridzi/html/kinerjaku/vendor/laravel/framework/src/Illuminate/Container/BoundMethod.php(31): Illuminate\\Container\\BoundMethod::callBoundMethod(Object(Illuminate\\Foundation\\Application), Array, Object(Closure))
#9 /home/alfaridzi/html/kinerjaku/vendor/laravel/framework/src/Illuminate/Container/Container.php(564): Illuminate\\Container\\BoundMethod::call(Object(Illuminate\\Foundation\\Application), Array, Array, NULL)
#10 /home/alfaridzi/html/kinerjaku/vendor/laravel/framework/src/Illuminate/Foundation/Application.php(794): Illuminate\\Container\\Container->call(Array)
#11 /home/alfaridzi/html/kinerjaku/vendor/laravel/framework/src/Illuminate/Foundation/Application.php(777): Illuminate\\Foundation\\Application->bootProvider(Object(Backpack\\Settings\\SettingsServiceProvider))
#12 [internal function]: Illuminate\\Foundation\\Application->Illuminate\\Foundation\\{closure}(Object(Backpack\\Settings\\SettingsServiceProvider), 29)
#13 /home/alfaridzi/html/kinerjaku/vendor/laravel/framework/src/Illuminate/Foundation/Application.php(778): array_walk(Array, Object(Closure))
#14 /home/alfaridzi/html/kinerjaku/vendor/laravel/framework/src/Illuminate/Foundation/Bootstrap/BootProviders.php(17): Illuminate\\Foundation\\Application->boot()
#15 /home/alfaridzi/html/kinerjaku/vendor/laravel/framework/src/Illuminate/Foundation/Application.php(206): Illuminate\\Foundation\\Bootstrap\\BootProviders->bootstrap(Object(Illuminate\\Foundation\\Application))
#16 /home/alfaridzi/html/kinerjaku/vendor/laravel/framework/src/Illuminate/Foundation/Http/Kernel.php(162): Illuminate\\Foundation\\Application->bootstrapWith(Array)
#17 /home/alfaridzi/html/kinerjaku/vendor/laravel/framework/src/Illuminate/Foundation/Http/Kernel.php(146): Illuminate\\Foundation\\Http\\Kernel->bootstrap()
#18 /home/alfaridzi/html/kinerjaku/vendor/laravel/framework/src/Illuminate/Foundation/Http/Kernel.php(116): Illuminate\\Foundation\\Http\\Kernel->sendRequestThroughRouter(Object(Illuminate\\Http\\Request))
#19 /home/alfaridzi/html/kinerjaku/public/index.php(52): Illuminate\\Foundation\\Http\\Kernel->handle(Object(Illuminate\\Http\\Request))
#20 /home/alfaridzi/html/kinerjaku/server.php(19): require_once('/home/alfaridzi...')
#21 {main}
"} 
